TN:
SF:src\config\config.js
FNF:0
FNH:0
DA:1,1
LF:1
LH:1
BRF:0
BRH:0
end_of_record
TN:
SF:src\controllers\UserAddressController.js
FN:4,(anonymous_0)
FN:26,(anonymous_1)
FN:48,(anonymous_2)
FNF:3
FNH:3
FNDA:1,(anonymous_0)
FNDA:1,(anonymous_1)
FNDA:1,(anonymous_2)
DA:2,1
DA:4,1
DA:5,1
DA:7,1
DA:8,1
DA:10,1
DA:18,1
DA:19,1
DA:21,0
DA:26,1
DA:27,1
DA:29,1
DA:30,1
DA:36,1
DA:37,0
DA:40,1
DA:42,0
DA:48,1
DA:49,1
DA:50,1
DA:51,1
DA:53,1
DA:54,0
DA:57,1
DA:59,0
LF:25
LH:20
BRDA:36,0,0,0
BRDA:36,0,1,1
BRDA:53,1,0,0
BRDA:53,1,1,1
BRDA:53,2,0,1
BRDA:53,2,1,1
BRF:6
BRH:4
end_of_record
TN:
SF:src\controllers\adminDetailsController.js
FN:4,(anonymous_0)
FNF:1
FNH:1
FNDA:1,(anonymous_0)
DA:1,1
DA:4,1
DA:5,1
DA:6,1
DA:7,1
DA:8,0
DA:10,1
DA:12,0
DA:13,0
LF:9
LH:6
BRDA:7,0,0,0
BRDA:7,0,1,1
BRF:2
BRH:1
end_of_record
TN:
SF:src\controllers\categoryController.js
FN:5,(anonymous_0)
FN:15,(anonymous_1)
FN:30,(anonymous_2)
FN:41,(anonymous_3)
FN:54,(anonymous_4)
FN:69,(anonymous_5)
FN:80,(anonymous_6)
FN:94,(anonymous_7)
FNF:8
FNH:5
FNDA:1,(anonymous_0)
FNDA:2,(anonymous_1)
FNDA:0,(anonymous_2)
FNDA:0,(anonymous_3)
FNDA:0,(anonymous_4)
FNDA:1,(anonymous_5)
FNDA:3,(anonymous_6)
FNDA:1,(anonymous_7)
DA:1,1
DA:2,1
DA:5,1
DA:6,1
DA:7,1
DA:8,1
DA:10,0
DA:15,1
DA:16,2
DA:21,2
DA:22,2
DA:23,1
DA:25,1
DA:30,1
DA:31,0
DA:33,0
DA:35,0
DA:36,0
DA:37,0
DA:41,0
DA:44,0
DA:46,0
DA:48,0
DA:54,1
DA:55,0
DA:57,0
DA:58,0
DA:59,0
DA:61,0
DA:69,1
DA:70,1
DA:72,1
DA:74,1
DA:75,1
DA:76,0
DA:80,3
DA:82,1
DA:87,0
DA:94,1
DA:95,1
DA:97,1
DA:99,1
DA:101,1
DA:102,0
DA:105,1
DA:107,0
LF:46
LH:27
BRDA:36,0,0,0
BRDA:36,0,1,0
BRDA:75,1,0,0
BRDA:75,1,1,1
BRDA:101,2,0,0
BRDA:101,2,1,1
BRF:6
BRH:2
end_of_record
TN:
SF:src\controllers\orderController.js
FN:14,(anonymous_0)
FN:31,(anonymous_1)
FN:93,(anonymous_2)
FN:113,(anonymous_3)
FNF:4
FNH:4
FNDA:1,(anonymous_0)
FNDA:1,(anonymous_1)
FNDA:1,(anonymous_2)
FNDA:1,(anonymous_3)
DA:1,1
DA:2,1
DA:3,1
DA:4,1
DA:8,1
DA:14,1
DA:15,1
DA:17,1
DA:18,0
DA:21,1
DA:23,1
DA:24,1
DA:25,0
DA:28,1
DA:30,1
DA:32,1
DA:33,1
DA:34,0
DA:37,1
DA:38,1
DA:40,1
DA:41,1
DA:55,1
DA:60,1
DA:64,1
DA:65,1
DA:66,1
DA:72,1
DA:73,1
DA:77,1
DA:78,1
DA:83,1
DA:85,0
DA:86,0
DA:93,1
DA:94,1
DA:95,1
DA:96,1
DA:97,0
DA:100,1
DA:104,1
DA:106,0
DA:107,0
DA:113,1
DA:114,1
DA:116,1
DA:117,1
DA:118,1
DA:119,0
DA:122,1
DA:123,1
DA:125,1
DA:127,0
LF:53
LH:43
BRDA:17,0,0,0
BRDA:17,0,1,1
BRDA:24,1,0,0
BRDA:24,1,1,1
BRDA:24,2,0,1
BRDA:24,2,1,1
BRDA:33,3,0,0
BRDA:33,3,1,1
BRDA:38,4,0,1
BRDA:38,4,1,1
BRDA:40,5,0,1
BRDA:40,5,1,0
BRDA:96,6,0,0
BRDA:96,6,1,1
BRDA:118,7,0,0
BRDA:118,7,1,1
BRF:16
BRH:10
end_of_record
TN:
SF:src\controllers\productController.js
FN:7,(anonymous_0)
FN:13,(anonymous_1)
FN:40,(anonymous_2)
FN:52,(anonymous_3)
FN:65,(anonymous_4)
FN:90,(anonymous_5)
FN:94,(anonymous_6)
FN:118,(anonymous_7)
FN:128,(anonymous_8)
FN:145,(anonymous_9)
FNF:10
FNH:7
FNDA:1,(anonymous_0)
FNDA:1,(anonymous_1)
FNDA:1,(anonymous_2)
FNDA:1,(anonymous_3)
FNDA:1,(anonymous_4)
FNDA:0,(anonymous_5)
FNDA:0,(anonymous_6)
FNDA:1,(anonymous_7)
FNDA:0,(anonymous_8)
FNDA:1,(anonymous_9)
DA:1,1
DA:2,1
DA:3,1
DA:4,1
DA:7,1
DA:8,1
DA:9,1
DA:11,1
DA:13,1
DA:15,1
DA:31,1
DA:33,1
DA:35,0
DA:40,1
DA:41,1
DA:43,1
DA:44,1
DA:45,1
DA:47,0
DA:52,1
DA:53,1
DA:54,1
DA:55,1
DA:56,0
DA:58,1
DA:60,0
DA:65,1
DA:66,1
DA:78,1
DA:80,1
DA:81,1
DA:82,1
DA:83,0
DA:86,1
DA:89,1
DA:90,0
DA:94,1
DA:97,1
DA:98,1
DA:99,1
DA:100,1
DA:101,1
DA:102,1
DA:103,1
DA:104,1
DA:105,1
DA:106,1
DA:107,1
DA:109,1
DA:111,1
DA:113,0
DA:118,1
DA:119,1
DA:121,1
DA:122,1
DA:123,1
DA:124,0
DA:128,1
DA:129,0
DA:130,0
DA:131,0
DA:136,1
DA:138,1
DA:140,0
DA:145,1
DA:146,1
DA:147,1
DA:148,1
DA:150,0
LF:69
LH:56
BRDA:19,0,0,1
BRDA:19,0,1,0
BRDA:26,1,0,0
BRDA:26,1,1,1
BRDA:55,2,0,0
BRDA:55,2,1,1
BRDA:77,3,0,1
BRDA:82,4,0,0
BRDA:82,4,1,1
BRDA:89,5,0,0
BRDA:89,5,1,1
BRDA:89,6,0,1
BRDA:89,6,1,1
BRDA:97,7,0,1
BRDA:97,7,1,0
BRDA:98,8,0,1
BRDA:98,8,1,1
BRDA:99,9,0,1
BRDA:99,9,1,1
BRDA:100,10,0,1
BRDA:100,10,1,0
BRDA:101,11,0,0
BRDA:101,11,1,1
BRDA:104,12,0,0
BRDA:104,12,1,1
BRDA:104,13,0,1
BRDA:104,13,1,1
BRDA:105,14,0,1
BRDA:105,14,1,0
BRDA:123,15,0,0
BRDA:123,15,1,1
BRDA:130,16,0,0
BRDA:130,16,1,0
BRF:33
BRH:20
end_of_record
TN:
SF:src\controllers\salesController.js
FN:6,(anonymous_0)
FN:12,(anonymous_1)
FN:12,(anonymous_2)
FN:16,(anonymous_3)
FN:22,(anonymous_4)
FNF:5
FNH:5
FNDA:1,(anonymous_0)
FNDA:1,(anonymous_1)
FNDA:1,(anonymous_2)
FNDA:2,(anonymous_3)
FNDA:2,(anonymous_4)
DA:2,1
DA:3,1
DA:6,1
DA:7,1
DA:9,1
DA:11,1
DA:12,1
DA:16,2
DA:17,1
DA:18,1
DA:21,1
DA:22,1
DA:23,2
DA:24,2
DA:25,2
DA:28,1
DA:29,2
DA:32,1
DA:39,0
LF:19
LH:18
BRDA:18,0,0,1
BRDA:18,0,1,0
BRDA:24,1,0,2
BRDA:24,1,1,2
BRF:4
BRH:3
end_of_record
TN:
SF:src\controllers\userAuthController.js
FN:7,(anonymous_0)
FN:14,(anonymous_1)
FN:44,(anonymous_2)
FN:67,(anonymous_3)
FNF:4
FNH:3
FNDA:2,(anonymous_0)
FNDA:2,(anonymous_1)
FNDA:3,(anonymous_2)
FNDA:0,(anonymous_3)
DA:2,1
DA:3,1
DA:4,1
DA:7,1
DA:8,2
DA:14,1
DA:15,2
DA:17,2
DA:18,2
DA:20,2
DA:21,1
DA:24,1
DA:30,1
DA:32,1
DA:39,0
DA:44,1
DA:45,3
DA:47,3
DA:48,3
DA:50,3
DA:51,1
DA:58,2
DA:61,0
DA:67,1
DA:68,0
DA:69,0
DA:70,0
DA:71,0
DA:74,0
DA:80,0
LF:30
LH:22
BRDA:20,0,0,1
BRDA:20,0,1,1
BRDA:50,1,0,1
BRDA:50,1,1,2
BRDA:50,2,0,3
BRDA:50,2,1,2
BRDA:70,3,0,0
BRDA:70,3,1,0
BRF:8
BRH:6
end_of_record
TN:
SF:src\models\Admin.js
FN:27,(anonymous_0)
FN:37,(anonymous_1)
FNF:2
FNH:1
FNDA:3,(anonymous_0)
FNDA:0,(anonymous_1)
DA:1,3
DA:2,3
DA:4,3
DA:27,3
DA:28,3
DA:29,0
DA:31,3
DA:32,3
DA:33,3
DA:37,3
DA:38,0
DA:41,3
DA:43,3
LF:13
LH:11
BRDA:28,0,0,0
BRDA:28,0,1,3
BRF:2
BRH:1
end_of_record
TN:
SF:src\models\Category.js
FNF:0
FNH:0
DA:1,2
DA:3,2
DA:8,2
LF:3
LH:3
BRF:0
BRH:0
end_of_record
TN:
SF:src\models\Order.js
FNF:0
FNH:0
DA:1,2
DA:3,2
DA:77,2
DA:79,2
LF:4
LH:4
BRF:0
BRH:0
end_of_record
TN:
SF:src\models\Product.js
FNF:0
FNH:0
DA:1,5
DA:3,5
DA:57,5
DA:59,5
LF:4
LH:4
BRF:0
BRH:0
end_of_record
TN:
SF:src\models\User.js
FN:23,(anonymous_0)
FN:32,(anonymous_1)
FNF:2
FNH:2
FNDA:5,(anonymous_0)
FNDA:2,(anonymous_1)
DA:2,2
DA:3,2
DA:5,2
DA:23,2
DA:24,5
DA:25,0
DA:27,5
DA:28,5
DA:29,5
DA:32,2
DA:33,2
DA:36,2
DA:38,2
LF:13
LH:12
BRDA:24,0,0,0
BRDA:24,0,1,5
BRF:2
BRH:1
end_of_record
TN:
SF:src\models\UserAddress.js
FNF:0
FNH:0
DA:2,1
DA:4,1
DA:30,1
DA:32,1
LF:4
LH:4
BRF:0
BRH:0
end_of_record
